2025-03-19 04:01:20,763 - 📖 Book has 5 chapters.
2025-03-19 04:01:20,763 - ⚡ Using ThreadPoolExecutor (Approach 2) for parallel processing.
2025-03-19 04:01:20,763 - 🔍 Checking JSON files in: /home/ouda/Downloads/Teacher-Johnny-Fouad/project_backend/service/PowerPoint_Generator/pdf-summarizer/ppt_jsons/High Performance Computing
2025-03-19 04:01:20,763 - 🔍 Checking corrected file path: /home/ouda/Downloads/Teacher-Johnny-Fouad/project_backend/service/PowerPoint_Generator/pdf-summarizer/ppt_jsons/High Performance Computing/chapter_1.json
2025-03-19 04:01:20,764 - 🔍 Checking corrected file path: /home/ouda/Downloads/Teacher-Johnny-Fouad/project_backend/service/PowerPoint_Generator/pdf-summarizer/ppt_jsons/High Performance Computing/chapter_2.json
2025-03-19 04:01:20,764 - 🔍 Checking corrected file path: /home/ouda/Downloads/Teacher-Johnny-Fouad/project_backend/service/PowerPoint_Generator/pdf-summarizer/ppt_jsons/High Performance Computing/chapter_3.json
2025-03-19 04:01:20,764 - 🔍 Checking corrected file path: /home/ouda/Downloads/Teacher-Johnny-Fouad/project_backend/service/PowerPoint_Generator/pdf-summarizer/ppt_jsons/High Performance Computing/chapter_4.json
2025-03-19 04:01:20,764 - 🔍 Checking corrected file path: /home/ouda/Downloads/Teacher-Johnny-Fouad/project_backend/service/PowerPoint_Generator/pdf-summarizer/ppt_jsons/High Performance Computing/chapter_5.json
2025-03-19 04:01:20,764 - ✅ Found JSON files: [1, 2, 3, 4, 5]
2025-03-19 04:01:20,764 - ✅ All JSON files have been successfully created.
2025-03-19 04:01:20,764 - ✅ All JSON files have been processed.
2025-03-19 04:01:20,780 - Processing /home/ouda/Downloads/Teacher-Johnny-Fouad/project_backend/service/PowerPoint_Generator/pdf-summarizer/ppt_jsons/High Performance Computing/chapter_1.json...
2025-03-19 04:02:24,744 - Slides from /home/ouda/Downloads/Teacher-Johnny-Fouad/project_backend/service/PowerPoint_Generator/pdf-summarizer/ppt_jsons/High Performance Computing/chapter_1.json added successfully!
2025-03-19 04:02:24,744 - Processing /home/ouda/Downloads/Teacher-Johnny-Fouad/project_backend/service/PowerPoint_Generator/pdf-summarizer/ppt_jsons/High Performance Computing/chapter_2.json...
2025-03-19 04:03:02,176 - Slides from /home/ouda/Downloads/Teacher-Johnny-Fouad/project_backend/service/PowerPoint_Generator/pdf-summarizer/ppt_jsons/High Performance Computing/chapter_2.json added successfully!
2025-03-19 04:03:02,176 - Processing /home/ouda/Downloads/Teacher-Johnny-Fouad/project_backend/service/PowerPoint_Generator/pdf-summarizer/ppt_jsons/High Performance Computing/chapter_3.json...
2025-03-19 04:03:29,942 - Slides from /home/ouda/Downloads/Teacher-Johnny-Fouad/project_backend/service/PowerPoint_Generator/pdf-summarizer/ppt_jsons/High Performance Computing/chapter_3.json added successfully!
2025-03-19 04:03:29,942 - Processing /home/ouda/Downloads/Teacher-Johnny-Fouad/project_backend/service/PowerPoint_Generator/pdf-summarizer/ppt_jsons/High Performance Computing/chapter_4.json...
2025-03-19 04:03:57,263 - Slides from /home/ouda/Downloads/Teacher-Johnny-Fouad/project_backend/service/PowerPoint_Generator/pdf-summarizer/ppt_jsons/High Performance Computing/chapter_4.json added successfully!
2025-03-19 04:03:57,263 - Processing /home/ouda/Downloads/Teacher-Johnny-Fouad/project_backend/service/PowerPoint_Generator/pdf-summarizer/ppt_jsons/High Performance Computing/chapter_5.json...
2025-03-19 04:04:20,975 - Slides from /home/ouda/Downloads/Teacher-Johnny-Fouad/project_backend/service/PowerPoint_Generator/pdf-summarizer/ppt_jsons/High Performance Computing/chapter_5.json added successfully!
